Using pre-set license
Built from '2022.3/staging' branch; Version is '2022.3.24f1 (334eb2a0b267) revision 3362482'; Using compiler version '192829333'; Build Type 'Release'
OS: 'Windows 11  (10.0.22631) 64bit Professional' Language: 'ko' Physical Memory: 65152 MB
BatchMode: 1, IsHumanControllingUs: 0, StartBugReporterOnCrash: 0, Is64bit: 1, IsPro: 1

COMMAND LINE ARGUMENTS:
C:\Program Files\Unity\Hub\Editor\2022.3.24f1\Editor\Unity.exe
-adb2
-batchMode
-noUpm
-name
AssetImportWorker7
-projectPath
C:/Users/ASUS/Documents/GitHub/Aimlab_Unity/Aimlab
-logFile
Logs/AssetImportWorker7.log
-srvPort
55598
Successfully changed project path to: C:/Users/ASUS/Documents/GitHub/Aimlab_Unity/Aimlab
C:/Users/ASUS/Documents/GitHub/Aimlab_Unity/Aimlab
[UnityMemory] Configuration Parameters - Can be set up in boot.config
    "memorysetup-bucket-allocator-granularity=16"
    "memorysetup-bucket-allocator-bucket-count=8"
    "memorysetup-bucket-allocator-block-size=33554432"
    "memorysetup-bucket-allocator-block-count=8"
    "memorysetup-main-allocator-block-size=16777216"
    "memorysetup-thread-allocator-block-size=16777216"
    "memorysetup-gfx-main-allocator-block-size=16777216"
    "memorysetup-gfx-thread-allocator-block-size=16777216"
    "memorysetup-cache-allocator-block-size=4194304"
    "memorysetup-typetree-allocator-block-size=2097152"
    "memorysetup-profiler-bucket-allocator-granularity=16"
    "memorysetup-profiler-bucket-allocator-bucket-count=8"
    "memorysetup-profiler-bucket-allocator-block-size=33554432"
    "memorysetup-profiler-bucket-allocator-block-count=8"
    "memorysetup-profiler-allocator-block-size=16777216"
    "memorysetup-profiler-editor-allocator-block-size=1048576"
    "memorysetup-temp-allocator-size-main=16777216"
    "memorysetup-job-temp-allocator-block-size=2097152"
    "memorysetup-job-temp-allocator-block-size-background=1048576"
    "memorysetup-job-temp-allocator-reduction-small-platforms=262144"
    "memorysetup-allocator-temp-initial-block-size-main=262144"
    "memorysetup-allocator-temp-initial-block-size-worker=262144"
    "memorysetup-temp-allocator-size-background-worker=32768"
    "memorysetup-temp-allocator-size-job-worker=262144"
    "memorysetup-temp-allocator-size-preload-manager=33554432"
    "memorysetup-temp-allocator-size-nav-mesh-worker=65536"
    "memorysetup-temp-allocator-size-audio-worker=65536"
    "memorysetup-temp-allocator-size-cloud-worker=32768"
    "memorysetup-temp-allocator-size-gi-baking-worker=262144"
    "memorysetup-temp-allocator-size-gfx=262144"
Player connection [19104] Host "[IP] 172.28.2.0 [Port] 0 [Flags] 2 [Guid] 3065408272 [EditorId] 3065408272 [Version] 1048832 [Id] WindowsEditor(7,DESKTOP-RVVS7M0) [Debug] 1 [PackageName] WindowsEditor [ProjectName] Editor" joined multi-casting on [225.0.0.222:54997]...

Player connection [19104] Host "[IP] 172.28.2.0 [Port] 0 [Flags] 2 [Guid] 3065408272 [EditorId] 3065408272 [Version] 1048832 [Id] WindowsEditor(7,DESKTOP-RVVS7M0) [Debug] 1 [PackageName] WindowsEditor [ProjectName] Editor" joined alternative multi-casting on [225.0.0.222:34997]...

[Physics::Module] Initialized MultithreadedJobDispatcher with 31 workers.
Refreshing native plugins compatible for Editor in 8.41 ms, found 3 plugins.
Preloading 0 native plugins for Editor in 0.00 ms.
Initialize engine version: 2022.3.24f1 (334eb2a0b267)
[Subsystems] Discovering subsystems at path C:/Program Files/Unity/Hub/Editor/2022.3.24f1/Editor/Data/Resources/UnitySubsystems
[Subsystems] Discovering subsystems at path C:/Users/ASUS/Documents/GitHub/Aimlab_Unity/Aimlab/Assets
GfxDevice: creating device client; threaded=0; jobified=0
Direct3D:
    Version:  Direct3D 11.0 [level 11.1]
    Renderer: NVIDIA GeForce RTX 4070 Laptop GPU (ID=0x2860)
    Vendor:   NVIDIA
    VRAM:     7948 MB
    Driver:   31.0.15.5123
Initialize mono
Mono path[0] = 'C:/Program Files/Unity/Hub/Editor/2022.3.24f1/Editor/Data/Managed'
Mono path[1] = 'C:/Program Files/Unity/Hub/Editor/2022.3.24f1/Editor/Data/MonoBleedingEdge/lib/mono/unityjit-win32'
Mono config path = 'C:/Program Files/Unity/Hub/Editor/2022.3.24f1/Editor/Data/MonoBleedingEdge/etc'
Using monoOptions --debugger-agent=transport=dt_socket,embedding=1,server=y,suspend=n,address=127.0.0.1:56236
Begin MonoManager ReloadAssembly
Registering precompiled unity dll's ...
Register platform support module: C:/Program Files/Unity/Hub/Editor/2022.3.24f1/Editor/Data/PlaybackEngines/WindowsStandaloneSupport/UnityEditor.WindowsStandalone.Extensions.dll
Registered in 0.010823 seconds.
- Loaded All Assemblies, in  0.617 seconds
Native extension for WindowsStandalone target not found
Mono: successfully reloaded assembly
- Finished resetting the current domain, in  0.368 seconds
Domain Reload Profiling: 982ms
	BeginReloadAssembly (245ms)
		ExecutionOrderSort (0ms)
		DisableScriptedObjects (0ms)
		BackupInstance (0ms)
		ReleaseScriptingObjects (0ms)
		CreateAndSetChildDomain (2ms)
	RebuildCommonClasses (61ms)
	RebuildNativeTypeToScriptingClass (13ms)
	initialDomainReloadingComplete (89ms)
	LoadAllAssembliesAndSetupDomain (205ms)
		LoadAssemblies (242ms)
		RebuildTransferFunctionScriptingTraits (0ms)
		AnalyzeDomain (201ms)
			TypeCache.Refresh (200ms)
				TypeCache.ScanAssembly (176ms)
			ScanForSourceGeneratedMonoScriptInfo (0ms)
			ResolveRequiredComponents (1ms)
	FinalizeReload (369ms)
		ReleaseScriptCaches (0ms)
		RebuildScriptCaches (0ms)
		SetupLoadedEditorAssemblies (293ms)
			LogAssemblyErrors (0ms)
			InitializePlatformSupportModulesInManaged (11ms)
			SetLoadedEditorAssemblies (13ms)
			RefreshPlugins (0ms)
			BeforeProcessingInitializeOnLoad (2ms)
			ProcessInitializeOnLoadAttributes (188ms)
			ProcessInitializeOnLoadMethodAttributes (78ms)
			AfterProcessingInitializeOnLoad (0ms)
			EditorAssembliesLoaded (0ms)
		ExecutionOrderSort2 (0ms)
		AwakeInstancesAfterBackupRestoration (0ms)
========================================================================
Worker process is ready to serve import requests
Begin MonoManager ReloadAssembly
- Loaded All Assemblies, in  1.088 seconds
Refreshing native plugins compatible for Editor in 5.87 ms, found 3 plugins.
Native extension for WindowsStandalone target not found
Package Manager log level set to [2]
[Package Manager] Server::EnsureServerProcessIsRunning -- launch failed, reason: Unity was launched with the -noUpm command-line argument
[Package Manager] UpmClient::Send -- Unable to send message (not connected to UPM process).
[Package Manager] Cannot connect to Unity Package Manager local server
Mono: successfully reloaded assembly
- Finished resetting the current domain, in  0.704 seconds
Domain Reload Profiling: 1789ms
	BeginReloadAssembly (197ms)
		ExecutionOrderSort (0ms)
		DisableScriptedObjects (5ms)
		BackupInstance (0ms)
		ReleaseScriptingObjects (0ms)
		CreateAndSetChildDomain (30ms)
	RebuildCommonClasses (39ms)
	RebuildNativeTypeToScriptingClass (12ms)
	initialDomainReloadingComplete (53ms)
	LoadAllAssembliesAndSetupDomain (784ms)
		LoadAssemblies (537ms)
		RebuildTransferFunctionScriptingTraits (0ms)
		AnalyzeDomain (358ms)
			TypeCache.Refresh (310ms)
				TypeCache.ScanAssembly (286ms)
			ScanForSourceGeneratedMonoScriptInfo (35ms)
			ResolveRequiredComponents (10ms)
	FinalizeReload (705ms)
		ReleaseScriptCaches (0ms)
		RebuildScriptCaches (0ms)
		SetupLoadedEditorAssemblies (528ms)
			LogAssemblyErrors (0ms)
			InitializePlatformSupportModulesInManaged (5ms)
			SetLoadedEditorAssemblies (5ms)
			RefreshPlugins (0ms)
			BeforeProcessingInitializeOnLoad (66ms)
			ProcessInitializeOnLoadAttributes (410ms)
			ProcessInitializeOnLoadMethodAttributes (34ms)
			AfterProcessingInitializeOnLoad (6ms)
			EditorAssembliesLoaded (0ms)
		ExecutionOrderSort2 (0ms)
		AwakeInstancesAfterBackupRestoration (7ms)
Launched and connected shader compiler UnityShaderCompiler.exe after 0.08 seconds
Refreshing native plugins compatible for Editor in 5.21 ms, found 3 plugins.
Preloading 0 native plugins for Editor in 0.00 ms.
Unloading 4024 Unused Serialized files (Serialized files now loaded: 0)
Unloading 59 unused Assets / (194.3 KB). Loaded Objects now: 4489.
Memory consumption went from 151.2 MB to 151.0 MB.
Total: 7.038900 ms (FindLiveObjects: 0.678600 ms CreateObjectMapping: 0.438700 ms MarkObjects: 5.544800 ms  DeleteObjects: 0.374600 ms)

AssetImportParameters requested are different than current active one (requested -> active):
  custom:container-demuxer-ogg: 62fdf1f143b41e24485cea50d1cbac27 -> 
  custom:video-decoder-ogg-theora: a1e56fd34408186e4bbccfd4996cb3dc -> 
  custom:framework-win-MediaFoundation: 216162199b28c13a410421893ffa2e32 -> 
  custom:CustomObjectIndexerAttribute: 9a22284fe3817be447336de3de66b15e -> 
  custom:container-demuxer-webm: 4f35f7cbe854078d1ac9338744f61a02 -> 
  custom:container-muxer-webm: aa71ff27fc2769a1b78a27578f13a17b -> 
  custom:video-decoder-webm-vp8: 9c59270c3fd7afecdb556c50c9e8de78 -> 
  custom:SearchIndexIgnoredProperties: e643bd26f0fe6173181afceb89e7c659 -> 
  custom:AudioImporter_EditorPlatform: d09bf68614088b80899f8185d706f6e7 -> 
  custom:video-encoder-webm-vp8: eb34c28f22e8b96e1ab97ce403110664 -> 
  custom:audio-decoder-ogg-vorbis: bf7c407c2cedff20999df2af8eb42d56 -> 
  custom:audio-encoder-webm-vorbis: bf7c407c2cedff20999df2af8eb42d56 -> 
========================================================================
Received Import Request.
  Time since last request: 331650.445768 seconds.
  path: Assets/ExternalAssets/FPS Icons Pack/Orange Theme/Orange theme spritesheet 2.png
  artifactKey: Guid(0bd96f6f4899f644ea1ffd9b4735a5e6) Importer(2089858483,0ecaa5967403d082aa24f35e1b516d23)
Start importing Assets/ExternalAssets/FPS Icons Pack/Orange Theme/Orange theme spritesheet 2.png using Guid(0bd96f6f4899f644ea1ffd9b4735a5e6) Importer(2089858483,0ecaa5967403d082aa24f35e1b516d23)  -> (artifact id: '89468e2861bb24c13b211255d7f0ca79') in 0.223669 seconds
Number of updated asset objects reloaded before import = 0
Number of asset objects unloaded after import = 26
========================================================================
Received Import Request.
  Time since last request: 6.561722 seconds.
  path: Assets/Scripts/PlayerMove.cs
  artifactKey: Guid(5539ab9c232375d4494420dbe05eeea4) Importer(2089858483,0ecaa5967403d082aa24f35e1b516d23)
Start importing Assets/Scripts/PlayerMove.cs using Guid(5539ab9c232375d4494420dbe05eeea4) Importer(2089858483,0ecaa5967403d082aa24f35e1b516d23)  -> (artifact id: '940e3535dbd3747625091833beb9d7f7') in 0.016750 seconds
Number of updated asset objects reloaded before import = 0
Number of asset objects unloaded after import = 1
========================================================================
Received Import Request.
  Time since last request: 0.000016 seconds.
  path: Assets/ExternalAssets/Ishikawa1116/LOW-POLY GUNS PACK_SAMPLE/Prefabs/Black and common color/Bullet and other prop/Riflebullet.prefab
  artifactKey: Guid(3e16fe1e040fb1d46906820603db60b3) Importer(2089858483,0ecaa5967403d082aa24f35e1b516d23)
Start importing Assets/ExternalAssets/Ishikawa1116/LOW-POLY GUNS PACK_SAMPLE/Prefabs/Black and common color/Bullet and other prop/Riflebullet.prefab using Guid(3e16fe1e040fb1d46906820603db60b3) Importer(2089858483,0ecaa5967403d082aa24f35e1b516d23)  -> (artifact id: 'a23c38f1a816770cebdc47462c6f24fb') in 0.036177 seconds
Number of updated asset objects reloaded before import = 0
Number of asset objects unloaded after import = 14
========================================================================
Received Import Request.
  Time since last request: 0.000016 seconds.
  path: Assets/ExternalAssets/Toon Muzzleflash Pack/Example Prefabs/Toon Muzzleflash 7.prefab
  artifactKey: Guid(ce94000a78298f447b82a7e25b9ab359) Importer(2089858483,0ecaa5967403d082aa24f35e1b516d23)
Start importing Assets/ExternalAssets/Toon Muzzleflash Pack/Example Prefabs/Toon Muzzleflash 7.prefab using Guid(ce94000a78298f447b82a7e25b9ab359) Importer(2089858483,0ecaa5967403d082aa24f35e1b516d23)  -> (artifact id: '473373034462b0fd2886f1d0a8aafd80') in 0.051134 seconds
Number of updated asset objects reloaded before import = 0
Number of asset objects unloaded after import = 21
========================================================================
Received Import Request.
  Time since last request: 0.000025 seconds.
  path: Assets/ExternalAssets/FPS Icons Pack/Dark Theme/Dark theme spritesheet 1.png
  artifactKey: Guid(a1d46cd3f2614cc43be92ab44ea7d819) Importer(2089858483,0ecaa5967403d082aa24f35e1b516d23)
Start importing Assets/ExternalAssets/FPS Icons Pack/Dark Theme/Dark theme spritesheet 1.png using Guid(a1d46cd3f2614cc43be92ab44ea7d819) Importer(2089858483,0ecaa5967403d082aa24f35e1b516d23)  -> (artifact id: 'cc06b1312b5d05bc83cfe8857f26b253') in 0.053444 seconds
Number of updated asset objects reloaded before import = 0
Number of asset objects unloaded after import = 29
========================================================================
Received Import Request.
  Time since last request: 0.000015 seconds.
  path: Assets/ExternalAssets/Demigiant/DOTween/Editor/Imgs/DOTweenIcon.png
  artifactKey: Guid(8da095e39e9b4df488dfd436f81116d6) Importer(2089858483,0ecaa5967403d082aa24f35e1b516d23)
Start importing Assets/ExternalAssets/Demigiant/DOTween/Editor/Imgs/DOTweenIcon.png using Guid(8da095e39e9b4df488dfd436f81116d6) Importer(2089858483,0ecaa5967403d082aa24f35e1b516d23)  -> (artifact id: '038a36b55d2a2d69ec6ff8458ecb76a1') in 0.027101 seconds
Number of updated asset objects reloaded before import = 0
Number of asset objects unloaded after import = 1
========================================================================
Received Import Request.
  Time since last request: 0.000055 seconds.
  path: Assets/ExternalAssets/Ishikawa1116/LOW-POLY GUNS PACK_SAMPLE/Materials/SampleSceneMaterial.mat
  artifactKey: Guid(03c564d1402fb124a82c23815a195a96) Importer(2089858483,0ecaa5967403d082aa24f35e1b516d23)
Start importing Assets/ExternalAssets/Ishikawa1116/LOW-POLY GUNS PACK_SAMPLE/Materials/SampleSceneMaterial.mat using Guid(03c564d1402fb124a82c23815a195a96) Importer(2089858483,0ecaa5967403d082aa24f35e1b516d23)  -> (artifact id: '5381980b168b7713fc4c518209ad6c41') in 0.033540 seconds
Number of updated asset objects reloaded before import = 0
Number of asset objects unloaded after import = 1
========================================================================
Received Import Request.
  Time since last request: 0.000136 seconds.
  path: Assets/ExternalAssets/Toon Muzzleflash Pack/Example Prefabs/Toon Muzzleflash 22.prefab
  artifactKey: Guid(7867dee271ad828488f6fbfa576e75e7) Importer(2089858483,0ecaa5967403d082aa24f35e1b516d23)
Start importing Assets/ExternalAssets/Toon Muzzleflash Pack/Example Prefabs/Toon Muzzleflash 22.prefab using Guid(7867dee271ad828488f6fbfa576e75e7) Importer(2089858483,0ecaa5967403d082aa24f35e1b516d23)  -> (artifact id: '02db8d0e44886ff9e3a7ec2dd7851fc7') in 0.022722 seconds
Number of updated asset objects reloaded before import = 0
Number of asset objects unloaded after import = 21
========================================================================
Received Import Request.
  Time since last request: 0.000015 seconds.
  path: Assets/ExternalAssets/Ishikawa1116/LOW-POLY GUNS PACK_SAMPLE/Meshes/Pistol/Pistol_00.fbx
  artifactKey: Guid(e97017e8ea32f7b4eb78cd918a58ca5a) Importer(2089858483,0ecaa5967403d082aa24f35e1b516d23)
Start importing Assets/ExternalAssets/Ishikawa1116/LOW-POLY GUNS PACK_SAMPLE/Meshes/Pistol/Pistol_00.fbx using Guid(e97017e8ea32f7b4eb78cd918a58ca5a) Importer(2089858483,0ecaa5967403d082aa24f35e1b516d23)  -> (artifact id: '86e28604d0597d54f9cc421ddafa1b9a') in 0.037781 seconds
Number of updated asset objects reloaded before import = 0
Number of asset objects unloaded after import = 40
========================================================================
Received Import Request.
  Time since last request: 0.000013 seconds.
  path: Assets/ExternalAssets/Toon Muzzleflash Pack/Example Prefabs/Toon Muzzleflash 23.prefab
  artifactKey: Guid(2a6737be3bff6b9488d9fee716390668) Importer(2089858483,0ecaa5967403d082aa24f35e1b516d23)
Start importing Assets/ExternalAssets/Toon Muzzleflash Pack/Example Prefabs/Toon Muzzleflash 23.prefab using Guid(2a6737be3bff6b9488d9fee716390668) Importer(2089858483,0ecaa5967403d082aa24f35e1b516d23)  -> (artifact id: '340a9aa28abc48455d462f1367b784de') in 0.024675 seconds
Number of updated asset objects reloaded before import = 0
Number of asset objects unloaded after import = 21
========================================================================
Received Import Request.
  Time since last request: 0.000013 seconds.
  path: Assets/ExternalAssets/Ishikawa1116/LOW-POLY GUNS PACK_SAMPLE/Prefabs/Black and common color/Pistol/Pistol_00_mag.prefab
  artifactKey: Guid(698f69cba900d27498554ea51f82b8d6) Importer(2089858483,0ecaa5967403d082aa24f35e1b516d23)
Start importing Assets/ExternalAssets/Ishikawa1116/LOW-POLY GUNS PACK_SAMPLE/Prefabs/Black and common color/Pistol/Pistol_00_mag.prefab using Guid(698f69cba900d27498554ea51f82b8d6) Importer(2089858483,0ecaa5967403d082aa24f35e1b516d23)  -> (artifact id: 'bf08116c55b364228df2aa408f644fbb') in 0.017220 seconds
Number of updated asset objects reloaded before import = 0
Number of asset objects unloaded after import = 12
========================================================================
Received Import Request.
  Time since last request: 0.000014 seconds.
  path: Assets/ExternalAssets/Toon Muzzleflash Pack/Example Prefabs/Toon Muzzleflash 20.prefab
  artifactKey: Guid(7b4c09739930d43458b94e59aa06933a) Importer(2089858483,0ecaa5967403d082aa24f35e1b516d23)
Start importing Assets/ExternalAssets/Toon Muzzleflash Pack/Example Prefabs/Toon Muzzleflash 20.prefab using Guid(7b4c09739930d43458b94e59aa06933a) Importer(2089858483,0ecaa5967403d082aa24f35e1b516d23)  -> (artifact id: '083735f523f778aa1b321f67cef73354') in 0.021812 seconds
Number of updated asset objects reloaded before import = 0
Number of asset objects unloaded after import = 21
========================================================================
Received Import Request.
  Time since last request: 0.000018 seconds.
  path: Assets/ExternalAssets/Ishikawa1116/LOW-POLY GUNS PACK_SAMPLE/Textures/Texture_snow.png
  artifactKey: Guid(68244f061fb2af14482e75748f326f6e) Importer(2089858483,0ecaa5967403d082aa24f35e1b516d23)
Start importing Assets/ExternalAssets/Ishikawa1116/LOW-POLY GUNS PACK_SAMPLE/Textures/Texture_snow.png using Guid(68244f061fb2af14482e75748f326f6e) Importer(2089858483,0ecaa5967403d082aa24f35e1b516d23)  -> (artifact id: '2ac527a49c44f5aa67aeba1d784af318') in 0.019788 seconds
Number of updated asset objects reloaded before import = 0
Number of asset objects unloaded after import = 1
========================================================================
Received Import Request.
  Time since last request: 0.000013 seconds.
  path: Assets/ExternalAssets/Toon Muzzleflash Pack/Example Prefabs/Toon Muzzleflash 16.prefab
  artifactKey: Guid(c21ec583e5b23614ca97b6233ab6d053) Importer(2089858483,0ecaa5967403d082aa24f35e1b516d23)
Start importing Assets/ExternalAssets/Toon Muzzleflash Pack/Example Prefabs/Toon Muzzleflash 16.prefab using Guid(c21ec583e5b23614ca97b6233ab6d053) Importer(2089858483,0ecaa5967403d082aa24f35e1b516d23)  -> (artifact id: '6ba270590eff660668b944c4c05f5f9f') in 0.022926 seconds
Number of updated asset objects reloaded before import = 0
Number of asset objects unloaded after import = 21
========================================================================
Received Import Request.
  Time since last request: 0.000015 seconds.
  path: Assets/ExternalAssets/Demigiant/DOTween/Modules/DOTweenModulePhysics.cs
  artifactKey: Guid(dae9aa560b4242648a3affa2bfabc365) Importer(2089858483,0ecaa5967403d082aa24f35e1b516d23)
Start importing Assets/ExternalAssets/Demigiant/DOTween/Modules/DOTweenModulePhysics.cs using Guid(dae9aa560b4242648a3affa2bfabc365) Importer(2089858483,0ecaa5967403d082aa24f35e1b516d23)  -> (artifact id: '8c7dd90cf8639777a51ffc4c6c58108f') in 0.012951 seconds
Number of updated asset objects reloaded before import = 0
Number of asset objects unloaded after import = 1
Editor requested this worker to shutdown with reason: Scaling down because of idle timeout
TcpMessagingSession - receive error: operation aborted. errorcode: 995, details: 스레드 종료 또는 응용 프로그램 요청 때문에 I/O 작업이 취소되었습니다.
AssetImportWorker is now disconnected from the server
Process exiting
Exiting without the bug reporter. Application will terminate with return code 0